# JRE version: OpenJDK Runtime Environment (11.0.15) (build 11.0.15+0-b2043.56-9505619)
# Java VM: OpenJDK 64-Bit Server VM (11.0.15+0-b2043.56-9505619, mixed mode, tiered, compressed oops, g1 gc, windows-amd64)
Heap:
 garbage-first heap   total 108544K, used 23552K [0x00000000a8200000, 0x0000000100000000)
  region size 1024K, 5 young (5120K), 5 survivors (5120K)
 Metaspace       used 43278K, capacity 43762K, committed 43984K, reserved 1087488K
  class space    used 5129K, capacity 5319K, committed 5372K, reserved 1048576K
GC Heap History (8 events):
Event: 0.840 GC heap before
{Heap before GC invocations=0 (full 0):
 garbage-first heap   total 90112K, used 27648K [0x00000000a8200000, 0x0000000100000000)
  region size 1024K, 24 young (24576K), 0 survivors (0K)
 Metaspace       used 12205K, capacity 12286K, committed 12416K, reserved 1060864K
  class space    used 1090K, capacity 1113K, committed 1152K, reserved 1048576K
}
Event: 0.849 GC heap after
{Heap after GC invocations=1 (full 0):
 garbage-first heap   total 90112K, used 6141K [0x00000000a8200000, 0x0000000100000000)
  region size 1024K, 3 young (3072K), 3 survivors (3072K)
 Metaspace       used 12205K, capacity 12286K, committed 12416K, reserved 1060864K
  class space    used 1090K, capacity 1113K, committed 1152K, reserved 1048576K
}
Event: 2.251 GC heap before
{Heap before GC invocations=1 (full 0):
 garbage-first heap   total 90112K, used 43005K [0x00000000a8200000, 0x0000000100000000)
  region size 1024K, 40 young (40960K), 3 survivors (3072K)
 Metaspace       used 21013K, capacity 21156K, committed 21248K, reserved 1069056K
  class space    used 2200K, capacity 2271K, committed 2304K, reserved 1048576K
}
Event: 2.270 GC heap after
{Heap after GC invocations=2 (full 0):
 garbage-first heap   total 90112K, used 9851K [0x00000000a8200000, 0x0000000100000000)
  region size 1024K, 7 young (7168K), 7 survivors (7168K)
 Metaspace       used 21013K, capacity 21156K, committed 21248K, reserved 1069056K
  class space    used 2200K, capacity 2271K, committed 2304K, reserved 1048576K
}
Event: 5.541 GC heap before
{Heap before GC invocations=3 (full 0):
 garbage-first heap   total 90112K, used 56955K [0x00000000a8200000, 0x0000000100000000)
  region size 1024K, 48 young (49152K), 7 survivors (7168K)
 Metaspace       used 31019K, capacity 31458K, committed 31612K, reserved 1077248K
  class space    used 3653K, capacity 3825K, committed 3964K, reserved 1048576K
}
Event: 5.560 GC heap after
{Heap after GC invocations=4 (full 0):
 garbage-first heap   total 90112K, used 20741K [0x00000000a8200000, 0x0000000100000000)
  region size 1024K, 6 young (6144K), 6 survivors (6144K)
 Metaspace       used 31019K, capacity 31458K, committed 31612K, reserved 1077248K
  class space    used 3653K, capacity 3825K, committed 3964K, reserved 1048576K
}
Event: 6.525 GC heap before
{Heap before GC invocations=4 (full 0):
 garbage-first heap   total 90112K, used 40197K [0x00000000a8200000, 0x0000000100000000)
  region size 1024K, 26 young (26624K), 6 survivors (6144K)
 Metaspace       used 35563K, capacity 35987K, committed 36048K, reserved 1081344K
  class space    used 4375K, capacity 4567K, committed 4604K, reserved 1048576K
}
Event: 6.540 GC heap after
{Heap after GC invocations=5 (full 0):
 garbage-first heap   total 90112K, used 20363K [0x00000000a8200000, 0x0000000100000000)
  region size 1024K, 3 young (3072K), 3 survivors (3072K)
 Metaspace       used 35563K, capacity 35987K, committed 36048K, reserved 1081344K
  class space    used 4375K, capacity 4567K, committed 4604K, reserved 1048576K
}

