# JRE version: OpenJDK Runtime Environment (11.0.15) (build 11.0.15+0-b2043.56-9505619)
# Java VM: OpenJDK 64-Bit Server VM (11.0.15+0-b2043.56-9505619, mixed mode, tiered, compressed oops, g1 gc, windows-amd64)
Heap:
 garbage-first heap   total 90112K, used 25934K [0x00000000a8200000, 0x0000000100000000)
  region size 1024K, 3 young (3072K), 3 survivors (3072K)
 Metaspace       used 44315K, capacity 44853K, committed 44924K, reserved 1099776K
  class space    used 5260K, capacity 5491K, committed 5504K, reserved 1048576K
GC Heap History (10 events):
Event: 0.832 GC heap before
{Heap before GC invocations=0 (full 0):
 garbage-first heap   total 90112K, used 27648K [0x00000000a8200000, 0x0000000100000000)
  region size 1024K, 24 young (24576K), 0 survivors (0K)
 Metaspace       used 12154K, capacity 12286K, committed 12416K, reserved 1060864K
  class space    used 1084K, capacity 1113K, committed 1152K, reserved 1048576K
}
Event: 0.841 GC heap after
{Heap after GC invocations=1 (full 0):
 garbage-first heap   total 90112K, used 6305K [0x00000000a8200000, 0x0000000100000000)
  region size 1024K, 3 young (3072K), 3 survivors (3072K)
 Metaspace       used 12154K, capacity 12286K, committed 12416K, reserved 1060864K
  class space    used 1084K, capacity 1113K, committed 1152K, reserved 1048576K
}
Event: 2.243 GC heap before
{Heap before GC invocations=1 (full 0):
 garbage-first heap   total 90112K, used 43169K [0x00000000a8200000, 0x0000000100000000)
  region size 1024K, 40 young (40960K), 3 survivors (3072K)
 Metaspace       used 20856K, capacity 21105K, committed 21248K, reserved 1069056K
  class space    used 2189K, capacity 2275K, committed 2304K, reserved 1048576K
}
Event: 2.260 GC heap after
{Heap after GC invocations=2 (full 0):
 garbage-first heap   total 90112K, used 9763K [0x00000000a8200000, 0x0000000100000000)
  region size 1024K, 7 young (7168K), 7 survivors (7168K)
 Metaspace       used 20856K, capacity 21105K, committed 21248K, reserved 1069056K
  class space    used 2189K, capacity 2275K, committed 2304K, reserved 1048576K
}
Event: 5.963 GC heap before
{Heap before GC invocations=3 (full 0):
 garbage-first heap   total 90112K, used 55843K [0x00000000a8200000, 0x0000000100000000)
  region size 1024K, 47 young (48128K), 7 survivors (7168K)
 Metaspace       used 31403K, capacity 31868K, committed 32124K, reserved 1077248K
  class space    used 3745K, capacity 3963K, committed 3968K, reserved 1048576K
}
Event: 5.975 GC heap after
{Heap after GC invocations=4 (full 0):
 garbage-first heap   total 90112K, used 19772K [0x00000000a8200000, 0x0000000100000000)
  region size 1024K, 5 young (5120K), 5 survivors (5120K)
 Metaspace       used 31403K, capacity 31868K, committed 32124K, reserved 1077248K
  class space    used 3745K, capacity 3963K, committed 3968K, reserved 1048576K
}
Event: 7.039 GC heap before
{Heap before GC invocations=5 (full 0):
 garbage-first heap   total 90112K, used 61756K [0x00000000a8200000, 0x0000000100000000)
  region size 1024K, 46 young (47104K), 5 survivors (5120K)
 Metaspace       used 38804K, capacity 39284K, committed 39548K, reserved 1083392K
  class space    used 4757K, capacity 4937K, committed 4992K, reserved 1048576K
}
Event: 7.061 GC heap after
{Heap after GC invocations=6 (full 0):
 garbage-first heap   total 90112K, used 23166K [0x00000000a8200000, 0x0000000100000000)
  region size 1024K, 6 young (6144K), 6 survivors (6144K)
 Metaspace       used 38804K, capacity 39284K, committed 39548K, reserved 1083392K
  class space    used 4757K, capacity 4937K, committed 4992K, reserved 1048576K
}
Event: 7.783 GC heap before
{Heap before GC invocations=6 (full 0):
 garbage-first heap   total 90112K, used 47742K [0x00000000a8200000, 0x0000000100000000)
  region size 1024K, 31 young (31744K), 6 survivors (6144K)
 Metaspace       used 44315K, capacity 44853K, committed 44924K, reserved 1097728K
  class space    used 5260K, capacity 5491K, committed 5504K, reserved 1048576K
}
Event: 7.807 GC heap after
{Heap after GC invocations=7 (full 0):
 garbage-first heap   total 90112K, used 25934K [0x00000000a8200000, 0x0000000100000000)
  region size 1024K, 3 young (3072K), 3 survivors (3072K)
 Metaspace       used 44315K, capacity 44853K, committed 44924K, reserved 1097728K
  class space    used 5260K, capacity 5491K, committed 5504K, reserved 1048576K
}

