# JRE version: OpenJDK Runtime Environment (11.0.15) (build 11.0.15+0-b2043.56-9505619)
# Java VM: OpenJDK 64-Bit Server VM (11.0.15+0-b2043.56-9505619, mixed mode, tiered, compressed oops, g1 gc, windows-amd64)
Heap:
 garbage-first heap   total 108544K, used 24126K [0x00000000a8200000, 0x0000000100000000)
  region size 1024K, 4 young (4096K), 4 survivors (4096K)
 Metaspace       used 43359K, capacity 43825K, committed 43984K, reserved 1099776K
  class space    used 5129K, capacity 5318K, committed 5372K, reserved 1048576K
GC Heap History (10 events):
Event: 0.837 GC heap before
{Heap before GC invocations=0 (full 0):
 garbage-first heap   total 90112K, used 27648K [0x00000000a8200000, 0x0000000100000000)
  region size 1024K, 24 young (24576K), 0 survivors (0K)
 Metaspace       used 12201K, capacity 12286K, committed 12416K, reserved 1060864K
  class space    used 1090K, capacity 1113K, committed 1152K, reserved 1048576K
}
Event: 0.844 GC heap after
{Heap after GC invocations=1 (full 0):
 garbage-first heap   total 90112K, used 6172K [0x00000000a8200000, 0x0000000100000000)
  region size 1024K, 3 young (3072K), 3 survivors (3072K)
 Metaspace       used 12201K, capacity 12286K, committed 12416K, reserved 1060864K
  class space    used 1090K, capacity 1113K, committed 1152K, reserved 1048576K
}
Event: 2.251 GC heap before
{Heap before GC invocations=1 (full 0):
 garbage-first heap   total 90112K, used 43036K [0x00000000a8200000, 0x0000000100000000)
  region size 1024K, 40 young (40960K), 3 survivors (3072K)
 Metaspace       used 20972K, capacity 21158K, committed 21248K, reserved 1069056K
  class space    used 2205K, capacity 2272K, committed 2304K, reserved 1048576K
}
Event: 2.270 GC heap after
{Heap after GC invocations=2 (full 0):
 garbage-first heap   total 90112K, used 9663K [0x00000000a8200000, 0x0000000100000000)
  region size 1024K, 7 young (7168K), 7 survivors (7168K)
 Metaspace       used 20972K, capacity 21158K, committed 21248K, reserved 1069056K
  class space    used 2205K, capacity 2272K, committed 2304K, reserved 1048576K
}
Event: 5.846 GC heap before
{Heap before GC invocations=3 (full 0):
 garbage-first heap   total 90112K, used 56767K [0x00000000a8200000, 0x0000000100000000)
  region size 1024K, 48 young (49152K), 7 survivors (7168K)
 Metaspace       used 30725K, capacity 31104K, committed 31228K, reserved 1077248K
  class space    used 3627K, capacity 3793K, committed 3836K, reserved 1048576K
}
Event: 5.872 GC heap after
{Heap after GC invocations=4 (full 0):
 garbage-first heap   total 90112K, used 20840K [0x00000000a8200000, 0x0000000100000000)
  region size 1024K, 6 young (6144K), 6 survivors (6144K)
 Metaspace       used 30725K, capacity 31104K, committed 31228K, reserved 1077248K
  class space    used 3627K, capacity 3793K, committed 3836K, reserved 1048576K
}
Event: 6.513 GC heap before
{Heap before GC invocations=4 (full 0):
 garbage-first heap   total 90112K, used 42344K [0x00000000a8200000, 0x0000000100000000)
  region size 1024K, 28 young (28672K), 6 survivors (6144K)
 Metaspace       used 35532K, capacity 35957K, committed 36048K, reserved 1081344K
  class space    used 4367K, capacity 4535K, committed 4604K, reserved 1048576K
}
Event: 6.528 GC heap after
{Heap after GC invocations=5 (full 0):
 garbage-first heap   total 90112K, used 20755K [0x00000000a8200000, 0x0000000100000000)
  region size 1024K, 3 young (3072K), 3 survivors (3072K)
 Metaspace       used 35532K, capacity 35957K, committed 36048K, reserved 1081344K
  class space    used 4367K, capacity 4535K, committed 4604K, reserved 1048576K
}
Event: 7.576 GC heap before
{Heap before GC invocations=6 (full 0):
 garbage-first heap   total 90112K, used 55571K [0x00000000a8200000, 0x0000000100000000)
  region size 1024K, 37 young (37888K), 3 survivors (3072K)
 Metaspace       used 42188K, capacity 42655K, committed 42832K, reserved 1087488K
  class space    used 5019K, capacity 5186K, committed 5244K, reserved 1048576K
}
Event: 7.587 GC heap after
{Heap after GC invocations=7 (full 0):
 garbage-first heap   total 108544K, used 23552K [0x00000000a8200000, 0x0000000100000000)
  region size 1024K, 5 young (5120K), 5 survivors (5120K)
 Metaspace       used 42188K, capacity 42655K, committed 42832K, reserved 1087488K
  class space    used 5019K, capacity 5186K, committed 5244K, reserved 1048576K
}

